#
# A fatal error has been detected by the Java Runtime Environment:
#
#  EXCEPTION_ACCESS_VIOLATION (0xc0000005) at pc=0x00007ff95285e878, pid=10596, tid=18108
#
# JRE version: OpenJDK Runtime Environment (15.0.1+9) (build 15.0.1+9-18)
# Java VM: OpenJDK 64-Bit Server VM (15.0.1+9-18, mixed mode, tiered, compressed oops, g1 gc, windows-amd64)
# Problematic frame:
# V  [jvm.dll+0x20e878]
#
# No core dump will be written. Minidumps are not enabled by default on client versions of Windows
#
# If you would like to submit a bug report, please visit:
#   https://bugreport.java.com/bugreport/crash.jsp
#

---------------  S U M M A R Y ------------

Command Line: -XX:+ShowCodeDetailsInExceptionMessages -agentlib:jdwp=transport=dt_socket,suspend=y,address=localhost:53810 -javaagent:C:\Users\curon\OneDrive\πŸ≈¡ »≠∏È\eclipse\configuration\org.eclipse.osgi\405\0\.cp\lib\javaagent-shaded.jar -Dfile.encoding=UTF-8 practice.google

Host: Intel(R) Core(TM) i5-4690K CPU @ 3.50GHz, 4 cores, 15G,  Windows 10 , 64 bit Build 18362 (10.0.18362.1316)
Time: Sat Feb 13 16:09:13 2021 ¢•eCN©ˆI°æ©ˆ C°ÕA®™®ˆA elapsed time: 353.001581 seconds (0d 0h 5m 53s)

---------------  T H R E A D  ---------------

Current thread (0x000002ac6247b2b0):  JavaThread "JDWP Transport Listener: dt_socket" daemon [_thread_in_vm, id=18108, stack(0x000000d7e1d00000,0x000000d7e1e00000)] _threads_hazard_ptr=0x000002ac62b7e340

Stack: [0x000000d7e1d00000,0x000000d7e1e00000],  sp=0x000000d7e1dfe548,  free space=1017k
Native frames: (J=compiled Java code, j=interpreted, Vv=VM code, C=native code)
V  [jvm.dll+0x20e878]


siginfo: EXCEPTION_ACCESS_VIOLATION (0xc0000005), reading address 0x000002ac6817a958


Register to memory mapping:

RIP=0x00007ff95285e878 jvm.dll
RAX=0x0000000000052020 is an unknown value
RBX=0x000002ac68128470 is pointing into metadata
RCX=0x000002ac68128938 is pointing into metadata
RDX=0x0000000000002900 is an unknown value
RSP=0x000000d7e1dfe548 is pointing into the stack for thread: 0x000002ac6247b2b0
RBP=0x000000d7e1dfe680 is pointing into the stack for thread: 0x000002ac6247b2b0
RSI=0x0 is NULL
RDI=0x000000d7e1dfec90 is pointing into the stack for thread: 0x000002ac6247b2b0
R8 =0x0 is NULL
R9 =0x000002ac68128470 is pointing into metadata
R10=0x000000d7e1dfec90 is pointing into the stack for thread: 0x000002ac6247b2b0
R11={method} {0x000002ac68127a50} 'GoogleNewsSreach' '(Lorg/jsoup/nodes/Document;Ljava/lang/String;)V' in 'practice/google'
R12=0x00007ff952650000 jvm.dll
R13=0x000002ac672b3cb8 points into unknown readable memory: 0x000000560f5d7e00 | 00 7e 5d 0f 56 00 00 00
R14=0x000002ac6812799e is pointing into metadata
R15=0x00000000000000b6 is an unknown value


Registers:
RAX=0x0000000000052020, RBX=0x000002ac68128470, RCX=0x000002ac68128938, RDX=0x0000000000002900
RSP=0x000000d7e1dfe548, RBP=0x000000d7e1dfe680, RSI=0x0000000000000000, RDI=0x000000d7e1dfec90
R8 =0x0000000000000000, R9 =0x000002ac68128470, R10=0x000000d7e1dfec90, R11=0x000002ac68127a48
R12=0x00007ff952650000, R13=0x000002ac672b3cb8, R14=0x000002ac6812799e, R15=0x00000000000000b6
RIP=0x00007ff95285e878, EFLAGS=0x0000000000010202

Top of Stack: (sp=0x000000d7e1dfe548)
0x000000d7e1dfe548:   00007ff95285e8fe 0000000000000001
0x000000d7e1dfe558:   0000000000000000 000002ac617727c0
0x000000d7e1dfe568:   0000000000000000 000000d7e1dfeb00
0x000000d7e1dfe578:   00007ff952950134 0000000000000001
0x000000d7e1dfe588:   0000000000000000 0000000000000000
0x000000d7e1dfe598:   0000000000000000 0000000000000000
0x000000d7e1dfe5a8:   0000000000000000 000002ac617788c8
0x000000d7e1dfe5b8:   000000000000000c 0000000000000000
0x000000d7e1dfe5c8:   000000d7e1dfe620 0000000000000002
0x000000d7e1dfe5d8:   000002ac617788c8 0000002600000014
0x000000d7e1dfe5e8:   0000000000000026 000000030000000c
0x000000d7e1dfe5f8:   000002ac617727c0 0000000000000000
0x000000d7e1dfe608:   0000000046000079 0000000000000000
0x000000d7e1dfe618:   0000000000000000 4fffffff4fffffff
0x000000d7e1dfe628:   0000000000000000 0000000000000000
0x000000d7e1dfe638:   0000000000000000 0000000000000000 

Instructions: (pc=0x00007ff95285e878)
0x00007ff95285e778:   03 03 03 03 03 03 03 03 03 03 03 03 03 03 03 03
0x00007ff95285e788:   03 03 03 03 03 03 03 03 03 03 03 03 03 03 03 03
0x00007ff95285e798:   03 03 03 03 03 03 03 03 03 03 03 03 03 03 03 03
0x00007ff95285e7a8:   03 03 03 03 03 03 03 03 03 03 03 03 03 03 03 03
0x00007ff95285e7b8:   03 03 03 02 03 03 02 cc 48 89 5c 24 08 48 89 74
0x00007ff95285e7c8:   24 10 57 48 83 ec 20 48 63 da 41 0f b6 f0 48 8b
0x00007ff95285e7d8:   f9 85 d2 79 24 4c 8d 0d 9c 97 66 00 ba af 02 00
0x00007ff95285e7e8:   00 4c 8d 05 c8 97 66 00 48 8d 0d 41 97 66 00 e8
0x00007ff95285e7f8:   54 79 00 00 e8 3f c1 41 00 40 84 f6 75 18 48 8b
0x00007ff95285e808:   4f 10 48 85 c9 74 0f 48 8d 43 01 48 c1 e0 05 48
0x00007ff95285e818:   8b 04 08 0f b7 d8 48 8b 74 24 38 48 63 c3 48 8b
0x00007ff95285e828:   5c 24 30 0f b7 44 c7 48 48 83 c4 20 5f c3 cc cc
0x00007ff95285e838:   cc cc cc cc cc cc cc cc 4c 8b c9 45 84 c0 75 41
0x00007ff95285e848:   48 8b 49 10 48 85 c9 74 38 85 d2 79 19 f7 d2 8b
0x00007ff95285e858:   c2 48 ff c0 48 c1 e0 05 48 8b 04 08 0f b7 c8 41
0x00007ff95285e868:   0f b7 44 c9 4a c3 48 63 c2 48 ff c0 48 c1 e0 05
0x00007ff95285e878:   48 8b 04 08 0f b7 d0 48 63 c2 41 0f b7 44 c1 4a
0x00007ff95285e888:   c3 49 8b 41 08 4c 63 c2 42 0f b6 44 00 04 8d 48
0x00007ff95285e898:   ef 80 f9 01 76 0e 3c 6a 74 0a 48 63 c2 41 0f b7
0x00007ff95285e8a8:   44 c1 4a c3 43 0f b7 44 c1 4a c3 cc cc cc cc cc
0x00007ff95285e8b8:   cc cc cc cc cc cc cc cc 40 53 48 83 ec 20 48 8b
0x00007ff95285e8c8:   d9 e8 72 ff ff ff 48 63 d0 0f b7 44 d3 48 48 8b
0x00007ff95285e8d8:   44 c3 48 48 83 c4 20 5b c3 cc cc cc cc cc cc cc
0x00007ff95285e8e8:   cc cc cc cc cc cc cc cc 40 53 48 83 ec 20 48 8b
0x00007ff95285e8f8:   d9 e8 42 ff ff ff 48 63 d0 0f b7 44 d3 4a 48 8b
0x00007ff95285e908:   44 c3 48 48 83 c4 20 5b c3 cc cc cc cc cc cc cc
0x00007ff95285e918:   cc cc cc cc cc cc cc cc 4c 8b d1 45 84 c9 75 28
0x00007ff95285e928:   4c 8b 49 10 4d 85 c9 74 1f 45 85 c0 79 08 41 f7
0x00007ff95285e938:   d0 41 8b c0 eb 03 49 63 c0 48 ff c0 48 c1 e0 05
0x00007ff95285e948:   4a 8b 04 08 44 0f b7 c0 49 8b 42 08 49 63 c8 0f
0x00007ff95285e958:   b6 4c 08 04 48 8b c2 88 0a c3 cc cc cc cc cc cc
0x00007ff95285e968:   cc cc cc cc cc cc cc cc 40 56 57 41 54 41 56 41 


Stack slot to memory mapping:
stack at sp + 0 slots: 0x00007ff95285e8fe jvm.dll
stack at sp + 1 slots: 0x0000000000000001 is an unknown value
stack at sp + 2 slots: 0x0 is NULL
stack at sp + 3 slots: 0x000002ac617727c0 points into unknown readable memory: 0x616a00106e30ffff | ff ff 30 6e 10 00 6a 61
stack at sp + 4 slots: 0x0 is NULL
stack at sp + 5 slots: 0x000000d7e1dfeb00 is pointing into the stack for thread: 0x000002ac6247b2b0
stack at sp + 6 slots: 0x00007ff952950134 jvm.dll
stack at sp + 7 slots: 0x0000000000000001 is an unknown value


---------------  P R O C E S S  ---------------

Threads class SMR info:
_java_thread_list=0x000002ac62b7e340, length=14, elements={
0x000002ac41281990, 0x000002ac620ec130, 0x000002ac620ef290, 0x000002ac62102b60,
0x000002ac62105430, 0x000002ac62105df0, 0x000002ac62106ae0, 0x000002ac6219c980,
0x000002ac621a5670, 0x000002ac622607e0, 0x000002ac6247b2b0, 0x000002ac6247e0d0,
0x000002ac6247e5c0, 0x000002ac626eb770
}

Java Threads: ( => current thread )
  0x000002ac41281990 JavaThread "main" [_thread_blocked, id=9340, stack(0x000000d7e0d00000,0x000000d7e0e00000)]
  0x000002ac620ec130 JavaThread "Reference Handler" daemon [_thread_blocked, id=2376, stack(0x000000d7e1400000,0x000000d7e1500000)]
  0x000002ac620ef290 JavaThread "Finalizer" daemon [_thread_blocked, id=18260, stack(0x000000d7e1500000,0x000000d7e1600000)]
  0x000002ac62102b60 JavaThread "Signal Dispatcher" daemon [_thread_blocked, id=2044, stack(0x000000d7e1600000,0x000000d7e1700000)]
  0x000002ac62105430 JavaThread "Attach Listener" daemon [_thread_blocked, id=17732, stack(0x000000d7e1700000,0x000000d7e1800000)]
  0x000002ac62105df0 JavaThread "Service Thread" daemon [_thread_blocked, id=17744, stack(0x000000d7e1800000,0x000000d7e1900000)]
  0x000002ac62106ae0 JavaThread "C2 CompilerThread0" daemon [_thread_blocked, id=18048, stack(0x000000d7e1900000,0x000000d7e1a00000)]
  0x000002ac6219c980 JavaThread "C1 CompilerThread0" daemon [_thread_blocked, id=4452, stack(0x000000d7e1a00000,0x000000d7e1b00000)]
  0x000002ac621a5670 JavaThread "Sweeper thread" daemon [_thread_blocked, id=13740, stack(0x000000d7e1b00000,0x000000d7e1c00000)]
  0x000002ac622607e0 JavaThread "Common-Cleaner" daemon [_thread_blocked, id=2652, stack(0x000000d7e1c00000,0x000000d7e1d00000)]
=>0x000002ac6247b2b0 JavaThread "JDWP Transport Listener: dt_socket" daemon [_thread_in_vm, id=18108, stack(0x000000d7e1d00000,0x000000d7e1e00000)]
  0x000002ac6247e0d0 JavaThread "JDWP Event Helper Thread" daemon [_thread_blocked, id=12068, stack(0x000000d7e1e00000,0x000000d7e1f00000)]
  0x000002ac6247e5c0 JavaThread "JDWP Command Reader" daemon [_thread_in_native, id=13952, stack(0x000000d7e1f00000,0x000000d7e2000000)]
  0x000002ac626eb770 JavaThread "Notification Thread" daemon [_thread_blocked, id=8768, stack(0x000000d7e2000000,0x000000d7e2100000)]

Other Threads:
  0x000002ac620b6bb0 VMThread "VM Thread" [stack: 0x000000d7e1300000,0x000000d7e1400000] [id=9320]
  0x000002ac626ebc40 WatcherThread [stack: 0x000000d7e2100000,0x000000d7e2200000] [id=17976]
  0x000002ac412d57c0 GCTaskThread "GC Thread#0" [stack: 0x000000d7e0e00000,0x000000d7e0f00000] [id=8624]
  0x000002ac6235caf0 GCTaskThread "GC Thread#1" [stack: 0x000000d7e2300000,0x000000d7e2400000] [id=9000]
  0x000002ac6235ab10 GCTaskThread "GC Thread#2" [stack: 0x000000d7e2400000,0x000000d7e2500000] [id=704]
  0x000002ac6235c160 GCTaskThread "GC Thread#3" [stack: 0x000000d7e2500000,0x000000d7e2600000] [id=3496]
  0x000002ac412e76c0 ConcurrentGCThread "G1 Main Marker" [stack: 0x000000d7e0f00000,0x000000d7e1000000] [id=3112]
  0x000002ac412e81c0 ConcurrentGCThread "G1 Conc#0" [stack: 0x000000d7e1000000,0x000000d7e1100000] [id=17216]
  0x000002ac616e2c60 ConcurrentGCThread "G1 Refine#0" [stack: 0x000000d7e1100000,0x000000d7e1200000] [id=2520]
  0x000002ac4134a310 ConcurrentGCThread "G1 Young RemSet Sampling" [stack: 0x000000d7e1200000,0x000000d7e1300000] [id=13136]

Threads with active compile tasks:

VM state: not at safepoint (normal execution)

VM Mutex/Monitor currently owned by a thread: None

Heap address: 0x0000000701600000, size: 4074 MB, Compressed Oops mode: Zero based, Oop shift amount: 3
CDS disabled.
Compressed class space mapped at: 0x0000000800000000-0x0000000840000000, size: 1073741824
Narrow klass base: 0x0000000800000000, Narrow klass shift: 0, Narrow klass range: 0x40000000

GC Precious Log:
 CPUs: 4 total, 4 available
 Memory: 16293M
 Large Page Support: Disabled
 NUMA Support: Disabled
 Compressed Oops: Enabled (Zero based)
 Heap Region Size: 2M
 Heap Min Capacity: 8M
 Heap Initial Capacity: 256M
 Heap Max Capacity: 4074M
 Pre-touch: Disabled
 Parallel Workers: 4
 Concurrent Workers: 1
 Concurrent Refinement Workers: 4
 Periodic GC: Disabled

Heap:
 garbage-first heap   total 262144K, used 20568K [0x0000000701600000, 0x0000000800000000)
  region size 2048K, 10 young (20480K), 2 survivors (4096K)
 Metaspace       used 17639K, capacity 17835K, committed 17920K, reserved 1064960K
  class space    used 1643K, capacity 1715K, committed 1792K, reserved 1048576K

Heap Regions: E=young(eden), S=young(survivor), O=old, HS=humongous(starts), HC=humongous(continues), CS=collection set, F=free, OA=open archive, CA=closed archive, TAMS=top-at-mark-start (previous, next)
|   0|0x0000000701600000, 0x0000000701800000, 0x0000000701800000|100%| O|  |TAMS 0x0000000701600000, 0x0000000701600000| Untracked 
|   1|0x0000000701800000, 0x0000000701830400, 0x0000000701a00000|  9%| O|  |TAMS 0x0000000701800000, 0x0000000701800000| Untracked 
|   2|0x0000000701a00000, 0x0000000701a00000, 0x0000000701c00000|  0%| F|  |TAMS 0x0000000701a00000, 0x0000000701a00000| Untracked 
|   3|0x0000000701c00000, 0x0000000701c00000, 0x0000000701e00000|  0%| F|  |TAMS 0x0000000701c00000, 0x0000000701c00000| Untracked 
|   4|0x0000000701e00000, 0x0000000701e00000, 0x0000000702000000|  0%| F|  |TAMS 0x0000000701e00000, 0x0000000701e00000| Untracked 
|   5|0x0000000702000000, 0x0000000702000000, 0x0000000702200000|  0%| F|  |TAMS 0x0000000702000000, 0x0000000702000000| Untracked 
|   6|0x0000000702200000, 0x0000000702200000, 0x0000000702400000|  0%| F|  |TAMS 0x0000000702200000, 0x0000000702200000| Untracked 
|   7|0x0000000702400000, 0x0000000702400000, 0x0000000702600000|  0%| F|  |TAMS 0x0000000702400000, 0x0000000702400000| Untracked 
|   8|0x0000000702600000, 0x0000000702600000, 0x0000000702800000|  0%| F|  |TAMS 0x0000000702600000, 0x0000000702600000| Untracked 
|   9|0x0000000702800000, 0x0000000702800000, 0x0000000702a00000|  0%| F|  |TAMS 0x0000000702800000, 0x0000000702800000| Untracked 
|  10|0x0000000702a00000, 0x0000000702a00000, 0x0000000702c00000|  0%| F|  |TAMS 0x0000000702a00000, 0x0000000702a00000| Untracked 
|  11|0x0000000702c00000, 0x0000000702c00000, 0x0000000702e00000|  0%| F|  |TAMS 0x0000000702c00000, 0x0000000702c00000| Untracked 
|  12|0x0000000702e00000, 0x0000000702e00000, 0x0000000703000000|  0%| F|  |TAMS 0x0000000702e00000, 0x0000000702e00000| Untracked 
|  13|0x0000000703000000, 0x0000000703000000, 0x0000000703200000|  0%| F|  |TAMS 0x0000000703000000, 0x0000000703000000| Untracked 
|  14|0x0000000703200000, 0x0000000703200000, 0x0000000703400000|  0%| F|  |TAMS 0x0000000703200000, 0x0000000703200000| Untracked 
|  15|0x0000000703400000, 0x0000000703400000, 0x0000000703600000|  0%| F|  |TAMS 0x0000000703400000, 0x0000000703400000| Untracked 
|  16|0x0000000703600000, 0x0000000703600000, 0x0000000703800000|  0%| F|  |TAMS 0x0000000703600000, 0x0000000703600000| Untracked 
|  17|0x0000000703800000, 0x0000000703800000, 0x0000000703a00000|  0%| F|  |TAMS 0x0000000703800000, 0x0000000703800000| Untracked 
|  18|0x0000000703a00000, 0x0000000703a00000, 0x0000000703c00000|  0%| F|  |TAMS 0x0000000703a00000, 0x0000000703a00000| Untracked 
|  19|0x0000000703c00000, 0x0000000703c00000, 0x0000000703e00000|  0%| F|  |TAMS 0x0000000703c00000, 0x0000000703c00000| Untracked 
|  20|0x0000000703e00000, 0x0000000703e00000, 0x0000000704000000|  0%| F|  |TAMS 0x0000000703e00000, 0x0000000703e00000| Untracked 
|  21|0x0000000704000000, 0x0000000704000000, 0x0000000704200000|  0%| F|  |TAMS 0x0000000704000000, 0x0000000704000000| Untracked 
|  22|0x0000000704200000, 0x0000000704200000, 0x0000000704400000|  0%| F|  |TAMS 0x0000000704200000, 0x0000000704200000| Untracked 
|  23|0x0000000704400000, 0x0000000704400000, 0x0000000704600000|  0%| F|  |TAMS 0x0000000704400000, 0x0000000704400000| Untracked 
|  24|0x0000000704600000, 0x0000000704600000, 0x0000000704800000|  0%| F|  |TAMS 0x0000000704600000, 0x0000000704600000| Untracked 
|  25|0x0000000704800000, 0x0000000704800000, 0x0000000704a00000|  0%| F|  |TAMS 0x0000000704800000, 0x0000000704800000| Untracked 
|  26|0x0000000704a00000, 0x0000000704a00000, 0x0000000704c00000|  0%| F|  |TAMS 0x0000000704a00000, 0x0000000704a00000| Untracked 
|  27|0x0000000704c00000, 0x0000000704c00000, 0x0000000704e00000|  0%| F|  |TAMS 0x0000000704c00000, 0x0000000704c00000| Untracked 
|  28|0x0000000704e00000, 0x0000000704e00000, 0x0000000705000000|  0%| F|  |TAMS 0x0000000704e00000, 0x0000000704e00000| Untracked 
|  29|0x0000000705000000, 0x0000000705000000, 0x0000000705200000|  0%| F|  |TAMS 0x0000000705000000, 0x0000000705000000| Untracked 
|  30|0x0000000705200000, 0x0000000705200000, 0x0000000705400000|  0%| F|  |TAMS 0x0000000705200000, 0x0000000705200000| Untracked 
|  31|0x0000000705400000, 0x0000000705400000, 0x0000000705600000|  0%| F|  |TAMS 0x0000000705400000, 0x0000000705400000| Untracked 
|  32|0x0000000705600000, 0x0000000705600000, 0x0000000705800000|  0%| F|  |TAMS 0x0000000705600000, 0x0000000705600000| Untracked 
|  33|0x0000000705800000, 0x0000000705800000, 0x0000000705a00000|  0%| F|  |TAMS 0x0000000705800000, 0x0000000705800000| Untracked 
|  34|0x0000000705a00000, 0x0000000705a00000, 0x0000000705c00000|  0%| F|  |TAMS 0x0000000705a00000, 0x0000000705a00000| Untracked 
|  35|0x0000000705c00000, 0x0000000705c00000, 0x0000000705e00000|  0%| F|  |TAMS 0x0000000705c00000, 0x0000000705c00000| Untracked 
|  36|0x0000000705e00000, 0x0000000705e00000, 0x0000000706000000|  0%| F|  |TAMS 0x0000000705e00000, 0x0000000705e00000| Untracked 
|  37|0x0000000706000000, 0x0000000706000000, 0x0000000706200000|  0%| F|  |TAMS 0x0000000706000000, 0x0000000706000000| Untracked 
|  38|0x0000000706200000, 0x0000000706200000, 0x0000000706400000|  0%| F|  |TAMS 0x0000000706200000, 0x0000000706200000| Untracked 
|  39|0x0000000706400000, 0x0000000706400000, 0x0000000706600000|  0%| F|  |TAMS 0x0000000706400000, 0x0000000706400000| Untracked 
|  40|0x0000000706600000, 0x0000000706600000, 0x0000000706800000|  0%| F|  |TAMS 0x0000000706600000, 0x0000000706600000| Untracked 
|  41|0x0000000706800000, 0x0000000706800000, 0x0000000706a00000|  0%| F|  |TAMS 0x0000000706800000, 0x0000000706800000| Untracked 
|  42|0x0000000706a00000, 0x0000000706a00000, 0x0000000706c00000|  0%| F|  |TAMS 0x0000000706a00000, 0x0000000706a00000| Untracked 
|  43|0x0000000706c00000, 0x0000000706c00000, 0x0000000706e00000|  0%| F|  |TAMS 0x0000000706c00000, 0x0000000706c00000| Untracked 
|  44|0x0000000706e00000, 0x0000000706e00000, 0x0000000707000000|  0%| F|  |TAMS 0x0000000706e00000, 0x0000000706e00000| Untracked 
|  45|0x0000000707000000, 0x0000000707000000, 0x0000000707200000|  0%| F|  |TAMS 0x0000000707000000, 0x0000000707000000| Untracked 
|  46|0x0000000707200000, 0x0000000707200000, 0x0000000707400000|  0%| F|  |TAMS 0x0000000707200000, 0x0000000707200000| Untracked 
|  47|0x0000000707400000, 0x0000000707400000, 0x0000000707600000|  0%| F|  |TAMS 0x0000000707400000, 0x0000000707400000| Untracked 
|  48|0x0000000707600000, 0x0000000707600000, 0x0000000707800000|  0%| F|  |TAMS 0x0000000707600000, 0x0000000707600000| Untracked 
|  49|0x0000000707800000, 0x0000000707800000, 0x0000000707a00000|  0%| F|  |TAMS 0x0000000707800000, 0x0000000707800000| Untracked 
|  50|0x0000000707a00000, 0x0000000707a00000, 0x0000000707c00000|  0%| F|  |TAMS 0x0000000707a00000, 0x0000000707a00000| Untracked 
|  51|0x0000000707c00000, 0x0000000707c00000, 0x0000000707e00000|  0%| F|  |TAMS 0x0000000707c00000, 0x0000000707c00000| Untracked 
|  52|0x0000000707e00000, 0x0000000707e00000, 0x0000000708000000|  0%| F|  |TAMS 0x0000000707e00000, 0x0000000707e00000| Untracked 
|  53|0x0000000708000000, 0x0000000708000000, 0x0000000708200000|  0%| F|  |TAMS 0x0000000708000000, 0x0000000708000000| Untracked 
|  54|0x0000000708200000, 0x0000000708200000, 0x0000000708400000|  0%| F|  |TAMS 0x0000000708200000, 0x0000000708200000| Untracked 
|  55|0x0000000708400000, 0x0000000708400000, 0x0000000708600000|  0%| F|  |TAMS 0x0000000708400000, 0x0000000708400000| Untracked 
|  56|0x0000000708600000, 0x0000000708600000, 0x0000000708800000|  0%| F|  |TAMS 0x0000000708600000, 0x0000000708600000| Untracked 
|  57|0x0000000708800000, 0x0000000708800000, 0x0000000708a00000|  0%| F|  |TAMS 0x0000000708800000, 0x0000000708800000| Untracked 
|  58|0x0000000708a00000, 0x0000000708a00000, 0x0000000708c00000|  0%| F|  |TAMS 0x0000000708a00000, 0x0000000708a00000| Untracked 
|  59|0x0000000708c00000, 0x0000000708c00000, 0x0000000708e00000|  0%| F|  |TAMS 0x0000000708c00000, 0x0000000708c00000| Untracked 
|  60|0x0000000708e00000, 0x0000000708e00000, 0x0000000709000000|  0%| F|  |TAMS 0x0000000708e00000, 0x0000000708e00000| Untracked 
|  61|0x0000000709000000, 0x0000000709000000, 0x0000000709200000|  0%| F|  |TAMS 0x0000000709000000, 0x0000000709000000| Untracked 
|  62|0x0000000709200000, 0x0000000709200000, 0x0000000709400000|  0%| F|  |TAMS 0x0000000709200000, 0x0000000709200000| Untracked 
|  63|0x0000000709400000, 0x0000000709400000, 0x0000000709600000|  0%| F|  |TAMS 0x0000000709400000, 0x0000000709400000| Untracked 
|  64|0x0000000709600000, 0x0000000709600000, 0x0000000709800000|  0%| F|  |TAMS 0x0000000709600000, 0x0000000709600000| Untracked 
|  65|0x0000000709800000, 0x0000000709800000, 0x0000000709a00000|  0%| F|  |TAMS 0x0000000709800000, 0x0000000709800000| Untracked 
|  66|0x0000000709a00000, 0x0000000709a00000, 0x0000000709c00000|  0%| F|  |TAMS 0x0000000709a00000, 0x0000000709a00000| Untracked 
|  67|0x0000000709c00000, 0x0000000709c00000, 0x0000000709e00000|  0%| F|  |TAMS 0x0000000709c00000, 0x0000000709c00000| Untracked 
|  68|0x0000000709e00000, 0x0000000709e00000, 0x000000070a000000|  0%| F|  |TAMS 0x0000000709e00000, 0x0000000709e00000| Untracked 
|  69|0x000000070a000000, 0x000000070a000000, 0x000000070a200000|  0%| F|  |TAMS 0x000000070a000000, 0x000000070a000000| Untracked 
|  70|0x000000070a200000, 0x000000070a200000, 0x000000070a400000|  0%| F|  |TAMS 0x000000070a200000, 0x000000070a200000| Untracked 
|  71|0x000000070a400000, 0x000000070a400000, 0x000000070a600000|  0%| F|  |TAMS 0x000000070a400000, 0x000000070a400000| Untracked 
|  72|0x000000070a600000, 0x000000070a600000, 0x000000070a800000|  0%| F|  |TAMS 0x000000070a600000, 0x000000070a600000| Untracked 
|  73|0x000000070a800000, 0x000000070a800000, 0x000000070aa00000|  0%| F|  |TAMS 0x000000070a800000, 0x000000070a800000| Untracked 
|  74|0x000000070aa00000, 0x000000070aa00000, 0x000000070ac00000|  0%| F|  |TAMS 0x000000070aa00000, 0x000000070aa00000| Untracked 
|  75|0x000000070ac00000, 0x000000070ac00000, 0x000000070ae00000|  0%| F|  |TAMS 0x000000070ac00000, 0x000000070ac00000| Untracked 
|  76|0x000000070ae00000, 0x000000070ae00000, 0x000000070b000000|  0%| F|  |TAMS 0x000000070ae00000, 0x000000070ae00000| Untracked 
|  77|0x000000070b000000, 0x000000070b000000, 0x000000070b200000|  0%| F|  |TAMS 0x000000070b000000, 0x000000070b000000| Untracked 
|  78|0x000000070b200000, 0x000000070b200000, 0x000000070b400000|  0%| F|  |TAMS 0x000000070b200000, 0x000000070b200000| Untracked 
|  79|0x000000070b400000, 0x000000070b400000, 0x000000070b600000|  0%| F|  |TAMS 0x000000070b400000, 0x000000070b400000| Untracked 
|  80|0x000000070b600000, 0x000000070b600000, 0x000000070b800000|  0%| F|  |TAMS 0x000000070b600000, 0x000000070b600000| Untracked 
|  81|0x000000070b800000, 0x000000070b800000, 0x000000070ba00000|  0%| F|  |TAMS 0x000000070b800000, 0x000000070b800000| Untracked 
|  82|0x000000070ba00000, 0x000000070ba00000, 0x000000070bc00000|  0%| F|  |TAMS 0x000000070ba00000, 0x000000070ba00000| Untracked 
|  83|0x000000070bc00000, 0x000000070bc00000, 0x000000070be00000|  0%| F|  |TAMS 0x000000070bc00000, 0x000000070bc00000| Untracked 
|  84|0x000000070be00000, 0x000000070be00000, 0x000000070c000000|  0%| F|  |TAMS 0x000000070be00000, 0x000000070be00000| Untracked 
|  85|0x000000070c000000, 0x000000070c000000, 0x000000070c200000|  0%| F|  |TAMS 0x000000070c000000, 0x000000070c000000| Untracked 
|  86|0x000000070c200000, 0x000000070c200000, 0x000000070c400000|  0%| F|  |TAMS 0x000000070c200000, 0x000000070c200000| Untracked 
|  87|0x000000070c400000, 0x000000070c400000, 0x000000070c600000|  0%| F|  |TAMS 0x000000070c400000, 0x000000070c400000| Untracked 
|  88|0x000000070c600000, 0x000000070c600000, 0x000000070c800000|  0%| F|  |TAMS 0x000000070c600000, 0x000000070c600000| Untracked 
|  89|0x000000070c800000, 0x000000070c800000, 0x000000070ca00000|  0%| F|  |TAMS 0x000000070c800000, 0x000000070c800000| Untracked 
|  90|0x000000070ca00000, 0x000000070ca00000, 0x000000070cc00000|  0%| F|  |TAMS 0x000000070ca00000, 0x000000070ca00000| Untracked 
|  91|0x000000070cc00000, 0x000000070cc00000, 0x000000070ce00000|  0%| F|  |TAMS 0x000000070cc00000, 0x000000070cc00000| Untracked 
|  92|0x000000070ce00000, 0x000000070ce00000, 0x000000070d000000|  0%| F|  |TAMS 0x000000070ce00000, 0x000000070ce00000| Untracked 
|  93|0x000000070d000000, 0x000000070d000000, 0x000000070d200000|  0%| F|  |TAMS 0x000000070d000000, 0x000000070d000000| Untracked 
|  94|0x000000070d200000, 0x000000070d200000, 0x000000070d400000|  0%| F|  |TAMS 0x000000070d200000, 0x000000070d200000| Untracked 
|  95|0x000000070d400000, 0x000000070d400000, 0x000000070d600000|  0%| F|  |TAMS 0x000000070d400000, 0x000000070d400000| Untracked 
|  96|0x000000070d600000, 0x000000070d600000, 0x000000070d800000|  0%| F|  |TAMS 0x000000070d600000, 0x000000070d600000| Untracked 
|  97|0x000000070d800000, 0x000000070d800000, 0x000000070da00000|  0%| F|  |TAMS 0x000000070d800000, 0x000000070d800000| Untracked 
|  98|0x000000070da00000, 0x000000070da00000, 0x000000070dc00000|  0%| F|  |TAMS 0x000000070da00000, 0x000000070da00000| Untracked 
|  99|0x000000070dc00000, 0x000000070dc00000, 0x000000070de00000|  0%| F|  |TAMS 0x000000070dc00000, 0x000000070dc00000| Untracked 
| 100|0x000000070de00000, 0x000000070de00000, 0x000000070e000000|  0%| F|  |TAMS 0x000000070de00000, 0x000000070de00000| Untracked 
| 101|0x000000070e000000, 0x000000070e000000, 0x000000070e200000|  0%| F|  |TAMS 0x000000070e000000, 0x000000070e000000| Untracked 
| 102|0x000000070e200000, 0x000000070e200000, 0x000000070e400000|  0%| F|  |TAMS 0x000000070e200000, 0x000000070e200000| Untracked 
| 103|0x000000070e400000, 0x000000070e400000, 0x000000070e600000|  0%| F|  |TAMS 0x000000070e400000, 0x000000070e400000| Untracked 
| 104|0x000000070e600000, 0x000000070e600000, 0x000000070e800000|  0%| F|  |TAMS 0x000000070e600000, 0x000000070e600000| Untracked 
| 105|0x000000070e800000, 0x000000070e800000, 0x000000070ea00000|  0%| F|  |TAMS 0x000000070e800000, 0x000000070e800000| Untracked 
| 106|0x000000070ea00000, 0x000000070ea00000, 0x000000070ec00000|  0%| F|  |TAMS 0x000000070ea00000, 0x000000070ea00000| Untracked 
| 107|0x000000070ec00000, 0x000000070ec00000, 0x000000070ee00000|  0%| F|  |TAMS 0x000000070ec00000, 0x000000070ec00000| Untracked 
| 108|0x000000070ee00000, 0x000000070ee00000, 0x000000070f000000|  0%| F|  |TAMS 0x000000070ee00000, 0x000000070ee00000| Untracked 
| 109|0x000000070f000000, 0x000000070f000000, 0x000000070f200000|  0%| F|  |TAMS 0x000000070f000000, 0x000000070f000000| Untracked 
| 110|0x000000070f200000, 0x000000070f3e5eb8, 0x000000070f400000| 94%| S|CS|TAMS 0x000000070f200000, 0x000000070f200000| Complete 
| 111|0x000000070f400000, 0x000000070f600000, 0x000000070f600000|100%| S|CS|TAMS 0x000000070f400000, 0x000000070f400000| Complete 
| 112|0x000000070f600000, 0x000000070f600000, 0x000000070f800000|  0%| F|  |TAMS 0x000000070f600000, 0x000000070f600000| Untracked 
| 113|0x000000070f800000, 0x000000070f800000, 0x000000070fa00000|  0%| F|  |TAMS 0x000000070f800000, 0x000000070f800000| Untracked 
| 114|0x000000070fa00000, 0x000000070fa00000, 0x000000070fc00000|  0%| F|  |TAMS 0x000000070fa00000, 0x000000070fa00000| Untracked 
| 115|0x000000070fc00000, 0x000000070fc00000, 0x000000070fe00000|  0%| F|  |TAMS 0x000000070fc00000, 0x000000070fc00000| Untracked 
| 116|0x000000070fe00000, 0x000000070fe00000, 0x0000000710000000|  0%| F|  |TAMS 0x000000070fe00000, 0x000000070fe00000| Untracked 
| 117|0x0000000710000000, 0x0000000710000000, 0x0000000710200000|  0%| F|  |TAMS 0x0000000710000000, 0x0000000710000000| Untracked 
| 118|0x0000000710200000, 0x0000000710200000, 0x0000000710400000|  0%| F|  |TAMS 0x0000000710200000, 0x0000000710200000| Untracked 
| 119|0x0000000710400000, 0x0000000710400000, 0x0000000710600000|  0%| F|  |TAMS 0x0000000710400000, 0x0000000710400000| Untracked 
| 120|0x0000000710600000, 0x0000000710800000, 0x0000000710800000|100%| E|  |TAMS 0x0000000710600000, 0x0000000710600000| Complete 
| 121|0x0000000710800000, 0x0000000710a00000, 0x0000000710a00000|100%| E|CS|TAMS 0x0000000710800000, 0x0000000710800000| Complete 
| 122|0x0000000710a00000, 0x0000000710c00000, 0x0000000710c00000|100%| E|CS|TAMS 0x0000000710a00000, 0x0000000710a00000| Complete 
| 123|0x0000000710c00000, 0x0000000710e00000, 0x0000000710e00000|100%| E|CS|TAMS 0x0000000710c00000, 0x0000000710c00000| Complete 
| 124|0x0000000710e00000, 0x0000000711000000, 0x0000000711000000|100%| E|CS|TAMS 0x0000000710e00000, 0x0000000710e00000| Complete 
| 125|0x0000000711000000, 0x0000000711200000, 0x0000000711200000|100%| E|CS|TAMS 0x0000000711000000, 0x0000000711000000| Complete 
| 126|0x0000000711200000, 0x0000000711400000, 0x0000000711400000|100%| E|CS|TAMS 0x0000000711200000, 0x0000000711200000| Complete 
| 127|0x0000000711400000, 0x0000000711600000, 0x0000000711600000|100%| E|CS|TAMS 0x0000000711400000, 0x0000000711400000| Complete 

Card table byte_map: [0x000002ac56290000,0x000002ac56a90000] _byte_map_base: 0x000002ac52a85000

Marking Bits (Prev, Next): (CMBitMap*) 0x000002ac412d6ed0, (CMBitMap*) 0x000002ac412d6f10
 Prev Bits: [0x000002ac57290000, 0x000002ac5b238000)
 Next Bits: [0x000002ac5b240000, 0x000002ac5f1e8000)

Polling page: 0x000002ac41350000

Metaspace:

Usage:
  Non-class:     15.74 MB capacity,    15.62 MB (>99%) used,   108.35 KB ( <1%) free+waste,    15.63 KB ( <1%) overhead. 
      Class:      1.67 MB capacity,     1.60 MB ( 96%) used,    66.57 KB (  4%) free+waste,     5.00 KB ( <1%) overhead. 
       Both:     17.42 MB capacity,    17.23 MB ( 99%) used,   174.92 KB ( <1%) free+waste,    20.63 KB ( <1%) overhead. 

Virtual space:
  Non-class space:       16.00 MB reserved,      15.75 MB ( 98%) committed 
      Class space:        1.00 GB reserved,       1.75 MB ( <1%) committed 
             Both:        1.02 GB reserved,      17.50 MB (  2%) committed 

Chunk freelists:
   Non-Class:  8.00 KB
       Class:  13.00 KB
        Both:  21.00 KB

MaxMetaspaceSize: 17179869184.00 GB
CompressedClassSpaceSize: 1.00 GB

CodeHeap 'non-profiled nmethods': size=120000Kb used=855Kb max_used=855Kb free=119144Kb
 bounds [0x000002ac4df30000, 0x000002ac4e1a0000, 0x000002ac55460000]
CodeHeap 'profiled nmethods': size=120000Kb used=4131Kb max_used=4131Kb free=115868Kb
 bounds [0x000002ac46a00000, 0x000002ac46e10000, 0x000002ac4df30000]
CodeHeap 'non-nmethods': size=5760Kb used=1282Kb max_used=1310Kb free=4477Kb
 bounds [0x000002ac46460000, 0x000002ac466d0000, 0x000002ac46a00000]
 total_blobs=2382 nmethods=1931 adapters=363
 compilation: enabled
              stopped_count=0, restarted_count=0
 full_count=0

Compilation events (20 events):
Event: 4.885 Thread 0x000002ac6219c980 1923   !   3       sun.security.ssl.SSLSocketInputRecord::decodeInputRecord (896 bytes)
Event: 4.887 Thread 0x000002ac6219c980 nmethod 1923 0x000002ac46df9d90 code [0x000002ac46dfa600, 0x000002ac46dff408]
Event: 4.887 Thread 0x000002ac6219c980 1925       3       javax.crypto.Cipher::init (85 bytes)
Event: 4.888 Thread 0x000002ac6219c980 nmethod 1925 0x000002ac46e01190 code [0x000002ac46e01380, 0x000002ac46e01878]
Event: 4.888 Thread 0x000002ac6219c980 1926       3       javax.crypto.Cipher::updateAAD (55 bytes)
Event: 4.888 Thread 0x000002ac6219c980 nmethod 1926 0x000002ac46e01a10 code [0x000002ac46e01c00, 0x000002ac46e020f8]
Event: 4.888 Thread 0x000002ac6219c980 1922   !   3       sun.security.ssl.SSLSocketInputRecord::decode (134 bytes)
Event: 4.888 Thread 0x000002ac6219c980 nmethod 1922 0x000002ac46e02290 code [0x000002ac46e024c0, 0x000002ac46e02be8]
Event: 4.894 Thread 0x000002ac6219c980 1927       3       org.jsoup.parser.TokeniserState$19::read (9 bytes)
Event: 4.895 Thread 0x000002ac6219c980 nmethod 1927 0x000002ac46e03010 code [0x000002ac46e031c0, 0x000002ac46e03368]
Event: 4.936 Thread 0x000002ac6219c980 1928       3       sun.security.ssl.ProtocolVersion::isNegotiable (67 bytes)
Event: 4.936 Thread 0x000002ac6219c980 nmethod 1928 0x000002ac46e03490 code [0x000002ac46e03640, 0x000002ac46e038d8]
Event: 4.957 Thread 0x000002ac6219c980 1929   !   3       sun.security.ssl.SSLSocketImpl::readApplicationRecord (179 bytes)
Event: 4.959 Thread 0x000002ac6219c980 nmethod 1929 0x000002ac46e03a10 code [0x000002ac46e03dc0, 0x000002ac46e05658]
Event: 4.968 Thread 0x000002ac6219c980 1930       3       org.jsoup.parser.TokenQueue::matchesWord (30 bytes)
Event: 4.969 Thread 0x000002ac6219c980 nmethod 1930 0x000002ac46e06210 code [0x000002ac46e06480, 0x000002ac46e06f58]
Event: 4.969 Thread 0x000002ac6219c980 1931       3       org.jsoup.select.NodeTraversor::traverse (90 bytes)
Event: 4.969 Thread 0x000002ac6219c980 nmethod 1931 0x000002ac46e07390 code [0x000002ac46e075e0, 0x000002ac46e081f8]
Event: 168.650 Thread 0x000002ac6219c980 1932       3       org.eclipse.jdt.launching.internal.org.objectweb.asm.ClassReader::readUtf (161 bytes)
Event: 168.651 Thread 0x000002ac6219c980 nmethod 1932 0x000002ac46e08510 code [0x000002ac46e086e0, 0x000002ac46e08b88]

GC Heap History (6 events):
Event: 0.836 GC heap before
{Heap before GC invocations=0 (full 0):
 garbage-first heap   total 262144K, used 10240K [0x0000000701600000, 0x0000000800000000)
  region size 2048K, 6 young (12288K), 0 survivors (0K)
 Metaspace       used 11472K, capacity 11657K, committed 11904K, reserved 1060864K
  class space    used 1024K, capacity 1094K, committed 1152K, reserved 1048576K
}
Event: 0.841 GC heap after
{Heap after GC invocations=1 (full 0):
 garbage-first heap   total 262144K, used 2239K [0x0000000701600000, 0x0000000800000000)
  region size 2048K, 1 young (2048K), 1 survivors (2048K)
 Metaspace       used 11472K, capacity 11657K, committed 11904K, reserved 1060864K
  class space    used 1024K, capacity 1094K, committed 1152K, reserved 1048576K
}
Event: 1.215 GC heap before
{Heap before GC invocations=1 (full 0):
 garbage-first heap   total 262144K, used 12479K [0x0000000701600000, 0x0000000800000000)
  region size 2048K, 7 young (14336K), 1 survivors (2048K)
 Metaspace       used 14634K, capacity 14829K, committed 15104K, reserved 1062912K
  class space    used 1369K, capacity 1421K, committed 1536K, reserved 1048576K
}
Event: 1.218 GC heap after
{Heap after GC invocations=2 (full 0):
 garbage-first heap   total 262144K, used 3568K [0x0000000701600000, 0x0000000800000000)
  region size 2048K, 1 young (2048K), 1 survivors (2048K)
 Metaspace       used 14634K, capacity 14829K, committed 15104K, reserved 1062912K
  class space    used 1369K, capacity 1421K, committed 1536K, reserved 1048576K
}
Event: 3.920 GC heap before
{Heap before GC invocations=2 (full 0):
 garbage-first heap   total 262144K, used 34288K [0x0000000701600000, 0x0000000800000000)
  region size 2048K, 16 young (32768K), 1 survivors (2048K)
 Metaspace       used 17525K, capacity 17771K, committed 17920K, reserved 1064960K
  class space    used 1641K, capacity 1715K, committed 1792K, reserved 1048576K
}
Event: 3.923 GC heap after
{Heap after GC invocations=3 (full 0):
 garbage-first heap   total 262144K, used 6232K [0x0000000701600000, 0x0000000800000000)
  region size 2048K, 2 young (4096K), 2 survivors (4096K)
 Metaspace       used 17525K, capacity 17771K, committed 17920K, reserved 1064960K
  class space    used 1641K, capacity 1715K, committed 1792K, reserved 1048576K
}

Deoptimization events (20 events):
Event: 4.501 Thread 0x000002ac41281990 DEOPT PACKING pc=0x000002ac46d506e1 sp=0x000000d7e0dfe450
Event: 4.501 Thread 0x000002ac41281990 DEOPT UNPACKING pc=0x000002ac464ae23f sp=0x000000d7e0dfd908 mode 1
Event: 4.502 Thread 0x000002ac41281990 DEOPT PACKING pc=0x000002ac46d506e1 sp=0x000000d7e0dfe440
Event: 4.502 Thread 0x000002ac41281990 DEOPT UNPACKING pc=0x000002ac464ae23f sp=0x000000d7e0dfd8f8 mode 1
Event: 4.502 Thread 0x000002ac41281990 DEOPT PACKING pc=0x000002ac46d506e1 sp=0x000000d7e0dfe500
Event: 4.502 Thread 0x000002ac41281990 DEOPT UNPACKING pc=0x000002ac464ae23f sp=0x000000d7e0dfd9b8 mode 1
Event: 4.502 Thread 0x000002ac41281990 DEOPT PACKING pc=0x000002ac46d506e1 sp=0x000000d7e0dfe350
Event: 4.502 Thread 0x000002ac41281990 DEOPT UNPACKING pc=0x000002ac464ae23f sp=0x000000d7e0dfd808 mode 1
Event: 4.967 Thread 0x000002ac41281990 DEOPT PACKING pc=0x000002ac46d54371 sp=0x000000d7e0dfe3c0
Event: 4.968 Thread 0x000002ac41281990 DEOPT UNPACKING pc=0x000002ac464ae23f sp=0x000000d7e0dfd878 mode 1
Event: 4.968 Thread 0x000002ac41281990 DEOPT PACKING pc=0x000002ac46d584d4 sp=0x000000d7e0dfe180
Event: 4.968 Thread 0x000002ac41281990 DEOPT UNPACKING pc=0x000002ac464ae23f sp=0x000000d7e0dfd6f0 mode 1
Event: 4.968 Thread 0x000002ac41281990 DEOPT PACKING pc=0x000002ac46dabba4 sp=0x000000d7e0dfe2f0
Event: 4.968 Thread 0x000002ac41281990 DEOPT UNPACKING pc=0x000002ac464ae23f sp=0x000000d7e0dfd7f0 mode 1
Event: 4.968 Thread 0x000002ac41281990 DEOPT PACKING pc=0x000002ac46daa634 sp=0x000000d7e0dfe3c0
Event: 4.968 Thread 0x000002ac41281990 DEOPT UNPACKING pc=0x000002ac464ae23f sp=0x000000d7e0dfd8a0 mode 1
Event: 168.650 Thread 0x000002ac6247b2b0 Uncommon trap: trap_request=0xffffff45 fr.pc=0x000002ac4df5441c relative=0x00000000000008dc
Event: 168.650 Thread 0x000002ac6247b2b0 Uncommon trap: reason=unstable_if action=reinterpret pc=0x000002ac4df5441c method=org.eclipse.jdt.launching.internal.org.objectweb.asm.ClassReader.readUtf(II[C)Ljava/lang/String; @ 41 c2
Event: 168.650 Thread 0x000002ac6247b2b0 DEOPT PACKING pc=0x000002ac4df5441c sp=0x000000d7e1dfda00
Event: 168.650 Thread 0x000002ac6247b2b0 DEOPT UNPACKING pc=0x000002ac464ae42f sp=0x000000d7e1dfd9e8 mode 2

Classes unloaded (0 events):
No events

Classes redefined (3 events):
Event: 168.656 Thread 0x000002ac620b6bb0 redefined class name=practice.google, count=1
Event: 333.400 Thread 0x000002ac620b6bb0 redefined class name=practice.google, count=2
Event: 352.846 Thread 0x000002ac620b6bb0 redefined class name=practice.google, count=3

Internal exceptions (14 events):
Event: 0.550 Thread 0x000002ac41281990 Exception <a 'java/lang/NoSuchMethodError'{0x000000071126b5a8}: 'void java.lang.invoke.DirectMethodHandle$Holder.invokeStatic(java.lang.Object, java.lang.Object)'> (0x000000071126b5a8) 
thrown [./open/src/hotspot/share/interpreter/linkResolver.cpp, line 782]
Event: 0.551 Thread 0x000002ac41281990 Exception <a 'java/lang/NoSuchMethodError'{0x000000071126f250}: 'void java.lang.invoke.DirectMethodHandle$Holder.invokeStaticInit(java.lang.Object, java.lang.Object)'> (0x000000071126f250) 
thrown [./open/src/hotspot/share/interpreter/linkResolver.cpp, line 782]
Event: 0.619 Thread 0x000002ac41281990 Exception <a 'java/lang/NoSuchMethodError'{0x00000007113861b8}: 'java.lang.Object java.lang.invoke.DirectMethodHandle$Holder.invokeStatic(java.lang.Object)'> (0x00000007113861b8) 
thrown [./open/src/hotspot/share/interpreter/linkResolver.cpp, line 782]
Event: 0.619 Thread 0x000002ac41281990 Exception <a 'java/lang/NoSuchMethodError'{0x0000000711389d78}: 'java.lang.Object java.lang.invoke.DirectMethodHandle$Holder.invokeStaticInit(java.lang.Object)'> (0x0000000711389d78) 
thrown [./open/src/hotspot/share/interpreter/linkResolver.cpp, line 782]
Event: 0.620 Thread 0x000002ac41281990 Exception <a 'java/lang/NoSuchMethodError'{0x0000000711390260}: 'java.lang.Object java.lang.invoke.Invokers$Holder.invoke_MT(java.lang.Object, java.lang.Object, java.lang.Object)'> (0x0000000711390260) 
thrown [./open/src/hotspot/share/interpreter/linkResolver.cpp, line 782]
Event: 0.741 Thread 0x000002ac41281990 Exception <a 'java/lang/NoSuchMethodError'{0x0000000710c11318}: 'void java.lang.invoke.DirectMethodHandle$Holder.invokeSpecial(java.lang.Object, java.lang.Object, java.lang.Object)'> (0x0000000710c11318) 
thrown [./open/src/hotspot/share/interpreter/linkResolver.cpp, line 782]
Event: 0.785 Thread 0x000002ac41281990 Exception <a 'java/lang/NoSuchMethodError'{0x0000000710a0e440}: 'java.lang.Object java.lang.invoke.DirectMethodHandle$Holder.invokeStaticInit(java.lang.Object, int, int, int, int)'> (0x0000000710a0e440) 
thrown [./open/src/hotspot/share/interpreter/linkResolver.cpp, line 782]
Event: 0.787 Thread 0x000002ac41281990 Exception <a 'sun/nio/fs/WindowsException'{0x0000000710a17750}> (0x0000000710a17750) 
thrown [./open/src/hotspot/share/prims/jni.cpp, line 578]
Event: 0.797 Thread 0x000002ac41281990 Exception <a 'java/lang/NoSuchMethodError'{0x0000000710a6d718}: 'int java.lang.invoke.DirectMethodHandle$Holder.invokeStaticInit(java.lang.Object, java.lang.Object, java.lang.Object, java.lang.Object)'> (0x0000000710a6d718) 
thrown [./open/src/hotspot/share/interpreter/linkResolver.cpp, line 782]
Event: 0.798 Thread 0x000002ac41281990 Exception <a 'java/lang/NoSuchMethodError'{0x0000000710a78600}: 'java.lang.Object java.lang.invoke.DirectMethodHandle$Holder.invokeInterface(java.lang.Object, java.lang.Object)'> (0x0000000710a78600) 
thrown [./open/src/hotspot/share/interpreter/linkResolver.cpp, line 782]
Event: 0.799 Thread 0x000002ac41281990 Exception <a 'java/lang/IncompatibleClassChangeError'{0x0000000710a7bff8}: Found class java.lang.Object, but interface was expected> (0x0000000710a7bff8) 
thrown [./open/src/hotspot/share/interpreter/linkResolver.cpp, line 848]
Event: 0.800 Thread 0x000002ac41281990 Exception <a 'java/lang/NoSuchMethodError'{0x0000000710a84e58}: 'int java.lang.invoke.DirectMethodHandle$Holder.invokeStaticInit(java.lang.Object, java.lang.Object)'> (0x0000000710a84e58) 
thrown [./open/src/hotspot/share/interpreter/linkResolver.cpp, line 782]
Event: 1.070 Thread 0x000002ac41281990 Exception <a 'java/lang/NoSuchMethodError'{0x0000000710ec3580}: 'java.lang.Object java.lang.invoke.DirectMethodHandle$Holder.invokeStaticInit(java.lang.Object, java.lang.Object, int, int, int, int)'> (0x0000000710ec3580) 
thrown [./open/src/hotspot/share/interpreter/linkResolver.cpp, line 782]
Event: 1.330 Thread 0x000002ac41281990 Exception <a 'java/lang/NoSuchMethodError'{0x000000071158d278}: 'void java.lang.invoke.DirectMethodHandle$Holder.invokeStatic(java.lang.Object, java.lang.Object, java.lang.Object)'> (0x000000071158d278) 
thrown [./open/src/hotspot/share/interpreter/linkResolver.cpp, line 782]

Events (20 events):
Event: 352.856 Executing VM operation: SetFramePop
Event: 352.856 Executing VM operation: SetFramePop done
Event: 352.856 Executing VM operation: GetFrameLocation
Event: 352.856 Executing VM operation: GetFrameLocation done
Event: 352.856 Executing VM operation: GetCurrentLocation
Event: 352.856 Executing VM operation: GetCurrentLocation done
Event: 352.856 Executing VM operation: ChangeSingleStep
Event: 352.856 Executing VM operation: ChangeSingleStep done
Event: 352.856 Executing VM operation: GetFrameLocation
Event: 352.856 Executing VM operation: GetFrameLocation done
Event: 352.857 Executing VM operation: ChangeSingleStep
Event: 352.858 Executing VM operation: ChangeSingleStep done
Event: 352.858 Executing VM operation: GetFrameCount
Event: 352.858 Executing VM operation: GetFrameCount done
Event: 352.859 Executing VM operation: GetFrameCount
Event: 352.859 Executing VM operation: GetFrameCount done
Event: 352.859 Executing VM operation: GetStackTrace
Event: 352.859 Executing VM operation: GetStackTrace done
Event: 352.859 Executing VM operation: GetFrameCount
Event: 352.859 Executing VM operation: GetFrameCount done


Dynamic libraries:
0x00007ff6e51f0000 - 0x00007ff6e51fd000 	C:\Users\curon\OneDrive\πŸ≈¡ »≠∏È\eclipse\plugins\org.eclipse.justj.openjdk.hotspot.jre.full.win32.x86_64_15.0.1.v20201027-0507\jre\bin\javaw.exe
0x00007ff9a3ba0000 - 0x00007ff9a3d90000 	C:\Windows\SYSTEM32\ntdll.dll
0x00007ff9a34c0000 - 0x00007ff9a3572000 	C:\Windows\System32\KERNEL32.DLL
0x00007ff9a0fe0000 - 0x00007ff9a1285000 	C:\Windows\System32\KERNELBASE.dll
0x00007ff9a1a40000 - 0x00007ff9a1b3a000 	C:\Windows\System32\ucrtbase.dll
0x00007ff998430000 - 0x00007ff998448000 	C:\Users\curon\OneDrive\πŸ≈¡ »≠∏È\eclipse\plugins\org.eclipse.justj.openjdk.hotspot.jre.full.win32.x86_64_15.0.1.v20201027-0507\jre\bin\jli.dll
0x00007ff997af0000 - 0x00007ff997b09000 	C:\Users\curon\OneDrive\πŸ≈¡ »≠∏È\eclipse\plugins\org.eclipse.justj.openjdk.hotspot.jre.full.win32.x86_64_15.0.1.v20201027-0507\jre\bin\VCRUNTIME140.dll
0x00007ff9a1f00000 - 0x00007ff9a2094000 	C:\Windows\System32\USER32.dll
0x00007ff9a1290000 - 0x00007ff9a12b1000 	C:\Windows\System32\win32u.dll
0x00007ff9a3680000 - 0x00007ff9a36a6000 	C:\Windows\System32\GDI32.dll
0x00007ff9a0e40000 - 0x00007ff9a0fd8000 	C:\Windows\System32\gdi32full.dll
0x00007ff9a0da0000 - 0x00007ff9a0e3e000 	C:\Windows\System32\msvcp_win.dll
0x00007ff992d10000 - 0x00007ff992f94000 	C:\Windows\WinSxS\amd64_microsoft.windows.common-controls_6595b64144ccf1df_6.0.18362.1316_none_9e7a364fe461dbd7\COMCTL32.dll
0x00007ff9a2bc0000 - 0x00007ff9a2c5e000 	C:\Windows\System32\msvcrt.dll
0x00007ff9a3100000 - 0x00007ff9a3437000 	C:\Windows\System32\combase.dll
0x00007ff9a3a40000 - 0x00007ff9a3b5f000 	C:\Windows\System32\RPCRT4.dll
0x00007ff9a1bc0000 - 0x00007ff9a1c41000 	C:\Windows\System32\bcryptPrimitives.dll
0x00007ff9a2c60000 - 0x00007ff9a2c8e000 	C:\Windows\System32\IMM32.DLL
0x00007ff99eb70000 - 0x00007ff99eb7c000 	C:\Users\curon\OneDrive\πŸ≈¡ »≠∏È\eclipse\plugins\org.eclipse.justj.openjdk.hotspot.jre.full.win32.x86_64_15.0.1.v20201027-0507\jre\bin\vcruntime140_1.dll
0x00007ff995a90000 - 0x00007ff995b21000 	C:\Users\curon\OneDrive\πŸ≈¡ »≠∏È\eclipse\plugins\org.eclipse.justj.openjdk.hotspot.jre.full.win32.x86_64_15.0.1.v20201027-0507\jre\bin\msvcp140.dll
0x00007ff952650000 - 0x00007ff9531ae000 	C:\Users\curon\OneDrive\πŸ≈¡ »≠∏È\eclipse\plugins\org.eclipse.justj.openjdk.hotspot.jre.full.win32.x86_64_15.0.1.v20201027-0507\jre\bin\server\jvm.dll
0x00007ff9a3760000 - 0x00007ff9a3803000 	C:\Windows\System32\ADVAPI32.dll
0x00007ff9a2b20000 - 0x00007ff9a2bb7000 	C:\Windows\System32\sechost.dll
0x00007ff9a35f0000 - 0x00007ff9a35f8000 	C:\Windows\System32\PSAPI.DLL
0x00007ff98cb90000 - 0x00007ff98cb99000 	C:\Windows\SYSTEM32\WSOCK32.dll
0x00007ff9a3610000 - 0x00007ff9a367f000 	C:\Windows\System32\WS2_32.dll
0x00007ff99e9a0000 - 0x00007ff99e9c4000 	C:\Windows\SYSTEM32\WINMM.dll
0x00007ff99e970000 - 0x00007ff99e99d000 	C:\Windows\SYSTEM32\WINMMBASE.dll
0x00007ff9a0d50000 - 0x00007ff9a0d9a000 	C:\Windows\System32\cfgmgr32.dll
0x00007ff99a460000 - 0x00007ff99a46a000 	C:\Windows\SYSTEM32\VERSION.dll
0x00007ff9a0b00000 - 0x00007ff9a0b11000 	C:\Windows\System32\kernel.appcore.dll
0x00007ff98fa80000 - 0x00007ff98fa8a000 	C:\Users\curon\OneDrive\πŸ≈¡ »≠∏È\eclipse\plugins\org.eclipse.justj.openjdk.hotspot.jre.full.win32.x86_64_15.0.1.v20201027-0507\jre\bin\jimage.dll
0x00007ff98d7a0000 - 0x00007ff98d994000 	C:\Windows\SYSTEM32\DBGHELP.DLL
0x00007ff98d540000 - 0x00007ff98d56a000 	C:\Windows\SYSTEM32\dbgcore.DLL
0x00007ff997ab0000 - 0x00007ff997ae9000 	C:\Users\curon\OneDrive\πŸ≈¡ »≠∏È\eclipse\plugins\org.eclipse.justj.openjdk.hotspot.jre.full.win32.x86_64_15.0.1.v20201027-0507\jre\bin\jdwp.dll
0x00007ff99bdd0000 - 0x00007ff99bdde000 	C:\Users\curon\OneDrive\πŸ≈¡ »≠∏È\eclipse\plugins\org.eclipse.justj.openjdk.hotspot.jre.full.win32.x86_64_15.0.1.v20201027-0507\jre\bin\instrument.dll
0x00007ff97bc80000 - 0x00007ff97bca5000 	C:\Users\curon\OneDrive\πŸ≈¡ »≠∏È\eclipse\plugins\org.eclipse.justj.openjdk.hotspot.jre.full.win32.x86_64_15.0.1.v20201027-0507\jre\bin\java.dll
0x00007ff97bc60000 - 0x00007ff97bc78000 	C:\Users\curon\OneDrive\πŸ≈¡ »≠∏È\eclipse\plugins\org.eclipse.justj.openjdk.hotspot.jre.full.win32.x86_64_15.0.1.v20201027-0507\jre\bin\zip.dll
0x00007ff9a20a0000 - 0x00007ff9a2788000 	C:\Windows\System32\SHELL32.dll
0x00007ff9a2930000 - 0x00007ff9a29d7000 	C:\Windows\System32\shcore.dll
0x00007ff9a12c0000 - 0x00007ff9a1a3b000 	C:\Windows\System32\windows.storage.dll
0x00007ff9a0ad0000 - 0x00007ff9a0af3000 	C:\Windows\System32\profapi.dll
0x00007ff9a0a80000 - 0x00007ff9a0aca000 	C:\Windows\System32\powrprof.dll
0x00007ff9a0a50000 - 0x00007ff9a0a60000 	C:\Windows\System32\UMPDC.dll
0x00007ff9a39e0000 - 0x00007ff9a3a32000 	C:\Windows\System32\shlwapi.dll
0x00007ff9a1b40000 - 0x00007ff9a1b57000 	C:\Windows\System32\cryptsp.dll
0x00007ff99bd50000 - 0x00007ff99bd5b000 	C:\Users\curon\OneDrive\πŸ≈¡ »≠∏È\eclipse\plugins\org.eclipse.justj.openjdk.hotspot.jre.full.win32.x86_64_15.0.1.v20201027-0507\jre\bin\dt_socket.dll
0x00007ff99ff40000 - 0x00007ff99ff7a000 	C:\Windows\SYSTEM32\IPHLPAPI.DLL
0x00007ff9a0230000 - 0x00007ff9a0297000 	C:\Windows\system32\mswsock.dll
0x00007ff99ff80000 - 0x00007ff9a004b000 	C:\Windows\SYSTEM32\DNSAPI.dll
0x00007ff9a3600000 - 0x00007ff9a3608000 	C:\Windows\System32\NSI.dll
0x00007ff992c00000 - 0x00007ff992c0a000 	C:\Windows\System32\rasadhlp.dll
0x00007ff998f50000 - 0x00007ff998fc7000 	C:\Windows\System32\fwpuclnt.dll
0x00007ff9a0b20000 - 0x00007ff9a0b46000 	C:\Windows\System32\bcrypt.dll
0x00007ff97bc40000 - 0x00007ff97bc59000 	C:\Users\curon\OneDrive\πŸ≈¡ »≠∏È\eclipse\plugins\org.eclipse.justj.openjdk.hotspot.jre.full.win32.x86_64_15.0.1.v20201027-0507\jre\bin\net.dll
0x00007ff99b630000 - 0x00007ff99b720000 	C:\Windows\SYSTEM32\WINHTTP.dll
0x00007ff97bc20000 - 0x00007ff97bc32000 	C:\Users\curon\OneDrive\πŸ≈¡ »≠∏È\eclipse\plugins\org.eclipse.justj.openjdk.hotspot.jre.full.win32.x86_64_15.0.1.v20201027-0507\jre\bin\nio.dll
0x00007ff98fa10000 - 0x00007ff98fa20000 	C:\Users\curon\OneDrive\πŸ≈¡ »≠∏È\eclipse\plugins\org.eclipse.justj.openjdk.hotspot.jre.full.win32.x86_64_15.0.1.v20201027-0507\jre\bin\verify.dll
0x00007ff98f9f0000 - 0x00007ff98f9fd000 	C:\Users\curon\OneDrive\πŸ≈¡ »≠∏È\eclipse\plugins\org.eclipse.justj.openjdk.hotspot.jre.full.win32.x86_64_15.0.1.v20201027-0507\jre\bin\sunmscapi.dll
0x00007ff9a0c00000 - 0x00007ff9a0d4a000 	C:\Windows\System32\CRYPT32.dll
0x00007ff9a0a60000 - 0x00007ff9a0a72000 	C:\Windows\System32\MSASN1.dll
0x00007ff9a0560000 - 0x00007ff9a0586000 	C:\Windows\SYSTEM32\ncrypt.dll
0x00007ff9a0520000 - 0x00007ff9a055b000 	C:\Windows\SYSTEM32\NTASN1.dll
0x00007ff99fdb0000 - 0x00007ff99fde3000 	C:\Windows\system32\rsaenh.dll
0x00007ff9a0970000 - 0x00007ff9a0995000 	C:\Windows\SYSTEM32\USERENV.dll
0x00007ff9a0400000 - 0x00007ff9a040c000 	C:\Windows\SYSTEM32\CRYPTBASE.dll
0x00007ff999e20000 - 0x00007ff999e36000 	C:\Windows\SYSTEM32\dhcpcsvc6.DLL
0x00007ff999d70000 - 0x00007ff999d8c000 	C:\Windows\SYSTEM32\dhcpcsvc.DLL

dbghelp: loaded successfully - version: 4.0.5 - missing functions: none
symbol engine: initialized successfully - sym options: 0x614 - pdb path: .;C:\Users\curon\OneDrive\πŸ≈¡ »≠∏È\eclipse\plugins\org.eclipse.justj.openjdk.hotspot.jre.full.win32.x86_64_15.0.1.v20201027-0507\jre\bin;C:\Windows\SYSTEM32;C:\Windows\WinSxS\amd64_microsoft.windows.common-controls_6595b64144ccf1df_6.0.18362.1316_none_9e7a364fe461dbd7;C:\Users\curon\OneDrive\πŸ≈¡ »≠∏È\eclipse\plugins\org.eclipse.justj.openjdk.hotspot.jre.full.win32.x86_64_15.0.1.v20201027-0507\jre\bi;C:\Users\curon\OneDrive\πŸ≈¡ »≠∏È\eclipse\plugins\org.eclipse.justj.openjdk.hotspot.jre.full.win32.x86_64_15.0.1.v20201027-0507\jr;C:\Users\curon\OneDrive\πŸ≈¡ »≠∏È\eclipse\plugins\org.eclipse.justj.openjdk.hotspot.jre.full.win32.x86_64_15.0.1.v20201027-050;C:\Users\curon\OneDrive\πŸ≈¡ »≠∏È\eclipse\plugins\org.eclipse.justj.openjdk.hotspot.jre.full.win32.x86_64_15.0.1.v20201027;C:\Users\curon\OneDrive\πŸ≈¡ »≠∏È\eclipse\plugins\org.eclipse.justj.openjdk.hotspot.jre.full.win32.x86_64_15.0.1.v2020;C:\Users\curon\OneDrive\πŸ≈¡ »≠∏È\eclipse\plugins\org.eclipse.justj.openjdk.hotspot.jre.full.win32.x86_64_15.0.1.v;C:\Users\curon\OneDrive\πŸ≈¡ »≠∏È\eclipse\plugins\org.eclipse.justj.openjdk.hotspot.jre.full.win32.x86_64_15.0;C:\Users\curon\OneDrive\πŸ≈¡ »≠∏È\eclipse\plugins\org.eclipse.justj.openjdk.hotspot.jre.full.win32.x86_64_;C:\Users\curon\OneDrive\πŸ≈¡ »≠∏È\eclipse\plugins\org.eclipse.justj.openjdk.hotspot.jre.full.win32.x86

VM Arguments:
jvm_args: -XX:+ShowCodeDetailsInExceptionMessages -agentlib:jdwp=transport=dt_socket,suspend=y,address=localhost:53810 -javaagent:C:\Users\curon\OneDrive\πŸ≈¡ »≠∏È\eclipse\configuration\org.eclipse.osgi\405\0\.cp\lib\javaagent-shaded.jar -Dfile.encoding=UTF-8 
java_command: practice.google
java_class_path (initial): C:\Users\curon\OneDrive\πÆº≠\git\WJ\Study\≈©∑—∏µ\bin;C:\Users\curon\OneDrive\πÆº≠\git\WJ\Study\≈©∑—∏µ\jsoup-1.13.1.jar
Launcher Type: SUN_STANDARD

[Global flags]
     intx CICompilerCount                          = 3                                         {product} {ergonomic}
     uint ConcGCThreads                            = 1                                         {product} {ergonomic}
     uint G1ConcRefinementThreads                  = 4                                         {product} {ergonomic}
   size_t G1HeapRegionSize                         = 2097152                                   {product} {ergonomic}
    uintx GCDrainStackTargetSize                   = 64                                        {product} {ergonomic}
   size_t InitialHeapSize                          = 268435456                                 {product} {ergonomic}
   size_t MarkStackSize                            = 4194304                                   {product} {ergonomic}
   size_t MaxHeapSize                              = 4271898624                                {product} {ergonomic}
   size_t MaxNewSize                               = 2562719744                                {product} {ergonomic}
   size_t MinHeapDeltaBytes                        = 2097152                                   {product} {ergonomic}
   size_t MinHeapSize                              = 8388608                                   {product} {ergonomic}
    uintx NonNMethodCodeHeapSize                   = 5832780                                {pd product} {ergonomic}
    uintx NonProfiledCodeHeapSize                  = 122912730                              {pd product} {ergonomic}
    uintx ProfiledCodeHeapSize                     = 122912730                              {pd product} {ergonomic}
    uintx ReservedCodeCacheSize                    = 251658240                              {pd product} {ergonomic}
     bool SegmentedCodeCache                       = true                                      {product} {ergonomic}
     bool ShowCodeDetailsInExceptionMessages       = true                                   {manageable} {command line}
   size_t SoftMaxHeapSize                          = 4271898624                             {manageable} {ergonomic}
     bool UseCompressedClassPointers               = true                                 {lp64_product} {ergonomic}
     bool UseCompressedOops                        = true                                 {lp64_product} {ergonomic}
     bool UseG1GC                                  = true                                      {product} {ergonomic}
     bool UseLargePagesIndividualAllocation        = false                                  {pd product} {ergonomic}

Logging:
Log output configuration:
 #0: stdout all=warning uptime,level,tags
 #1: stderr all=off uptime,level,tags

Environment Variables:
JAVA_HOME=C:\Program Files\Java\jdk1.8.0_271\bin
CLASSPATH=C:\Program Files\Java\jdk1.8.0_271\bin
PATH=C:\Users\curon\OneDrive\πŸ≈¡ »≠∏È\eclipse\plugins\org.eclipse.justj.openjdk.hotspot.jre.full.win32.x86_64_15.0.1.v20201027-0507\jre\bin;C:/Users/curon/OneDrive/πŸ≈¡ »≠∏È/eclipse//plugins/org.eclipse.justj.openjdk.hotspot.jre.full.win32.x86_64_15.0.1.v20201027-0507/jre/bin/server;C:/Users/curon/OneDrive/πŸ≈¡ »≠∏È/eclipse//plugins/org.eclipse.justj.openjdk.hotspot.jre.full.win32.x86_64_15.0.1.v20201027-0507/jre/bin;C:\Program Files (x86)\NVIDIA Corporation\PhysX\Common;C:\Program Files\Common Files\Oracle\Java\javapath;C:\oraclexe\app\oracle\product\11.2.0\server\bin;C:\Program Files (x86)\Common Files\Oracle\Java\javapath;C:\Program Files\Java\jdk1.8.0_271\bin;C:\Windows\system32;C:\Windows;C:\Windows\System32\Wbem;C:\Windows\System32\WindowsPowerShell\v1.0\;C:\Windows\System32\OpenSSH\;C:\Program Files\Java\jdk-11.0.9\bin;C:\Program Files\dotnet\;C:\Program Files\Git\cmd;C:\Go\bin;C:\Program Files\MySQL\MySQL Shell 8.0\bin\;C:\Users\curon\AppData\Local\Microsoft\WindowsApps;C:\Users\curon\.dotnet\tools;C:\Users\curon\AppData\Local\GitHubDesktop\bin;C:\Users\curon\AppData\Local\Programs\Microsoft VS Code\bin;C:\Users\curon\go\bin;C:\Users\curon\OneDrive\πŸ≈¡ »≠∏È\eclipse;
USERNAME=curong
OS=Windows_NT
PROCESSOR_IDENTIFIER=Intel64 Family 6 Model 60 Stepping 3, GenuineIntel



---------------  S Y S T E M  ---------------

OS:
 Windows 10 , 64 bit Build 18362 (10.0.18362.1316)
OS uptime: 9 days 13:46 hours

CPU: total 4 (initial active 4) (4 cores per cpu, 1 threads per core) family 6 model 60 stepping 3 microcode 0x25, cmov, cx8, fxsr, mmx, sse, sse2, sse3, ssse3, sse4.1, sse4.2, popcnt, vzeroupper, avx, avx2, aes, clmul, erms, lzcnt, tsc, tscinvbit, bmi1, bmi2, fma, clflush

Memory: 4k page, system-wide physical 16293M (9070M free)
TotalPageFile size 18725M (AvailPageFile size 6707M)
current process WorkingSet (physical memory assigned to process): 99M, peak: 109M
current process commit charge ("private bytes"): 351M, peak: 360M

vm_info: OpenJDK 64-Bit Server VM (15.0.1+9-18) for windows-amd64 JRE (15.0.1+9-18), built on Sep 15 2020 14:39:31 by "mach5one" with unknown MS VC++:1925

END.
